This is pdfTeX, Version 3.14159265-2.6-1.40.18 (TeX Live 2017/Debian) (preloaded format=pdflatex 2019.2.4)  14 FEB 2019 15:46
entering extended mode
 restricted \write18 enabled.
 %&-line parsing enabled.
**"/home/manish/Desktop/6th Sem/COL774 ML/Assignments/A1/Report/macros.tex"
(/home/manish/Desktop/6th Sem/COL774 ML/Assignments/A1/Report/macros.tex
LaTeX2e <2017-04-15>
Babel <3.18> and hyphenation patterns for 3 language(s) loaded.
)
! Emergency stop.
<*> ...COL774 ML/Assignments/A1/Report/macros.tex"
                                                  
*** (job aborted, no legal \end found)

 
Here is how much of TeX's memory you used:
 13 strings out of 494923
 404 string characters out of 6180743
 45839 words of memory out of 5000000
 3427 multiletter control sequences out of 15000+600000
 3640 words of font info for 14 fonts, out of 8000000 for 9000
 14 hyphenation exceptions out of 8191
 7i,0n,6p,167b,8s stack positions out of 5000i,500n,10000p,200000b,80000s
!  ==> Fatal error occurred, no output PDF file produced!
